23:06:29.208 Process path: C:\Github\TRLE_P\Engine\tomb4.exe
23:06:29.208 Loading DDrawCompat statically from C:\Github\TRLE_P\Engine\DDRAW.dll
23:06:29.208 Environment variable __COMPAT_LAYER = "GdiDPIScaling DPIUnaware DWM8And16BitMitigation HighDpiAware"
23:06:29.208 Loading global config file: C:\ProgramData\DDrawCompat\DDrawCompat.ini
23:06:29.208   File not found, skipping
23:06:29.208 Loading user config file: C:\Users\User\AppData\Local\DDrawCompat\DDrawCompat.ini
23:06:29.208   File not found, skipping
23:06:29.208 Loading directory config file: C:\Github\TRLE_P\Engine\DDrawCompat.ini
23:06:29.208   File not found, skipping
23:06:29.208 Loading process config file: C:\Github\TRLE_P\Engine\DDrawCompat-tomb4.ini
23:06:29.208   File not found, skipping
23:06:29.208 Loading overlay config file: C:\Github\TRLE_P\Engine\DDrawCompatOverlay-tomb4.ini
23:06:29.208   File not found, skipping
23:06:29.208 Final configuration:
23:06:29.208   [default] AlignSysMemSurfaces   = on
23:06:29.208   [default] AltTabFix             = off
23:06:29.208   [default] AlternatePixelCenter  = off
23:06:29.208   [default] Antialiasing          = off
23:06:29.208   [default] BltFilter             = point
23:06:29.209   [default] ConfigHotKey          = shift+f11
23:06:29.209   [default] CpuAffinity           = 1
23:06:29.209   [default] DesktopColorDepth     = initial
23:06:29.209   [default] DisplayFilter         = bilinear(0)
23:06:29.209   [default] DisplayRefreshRate    = app
23:06:29.209   [default] DisplayResolution     = desktop
23:06:29.209   [default] DpiAwareness          = permonitor
23:06:29.209   [default] FontAntialiasing      = app
23:06:29.209   [default] ForceD3D9On12         = off
23:06:29.209   [default] FpsLimiter            = off
23:06:29.209   [default] FullscreenMode        = borderless
23:06:29.209   [default] LogLevel              = info
23:06:29.209   [default] PalettizedTextures    = on
23:06:29.209   [default] RemoveBorders         = off
23:06:29.209   [default] RenderColorDepth      = app
23:06:29.209   [default] ResolutionScale       = app(1)
23:06:29.209   [default] ResolutionScaleFilter = point
23:06:29.209   [default] SoftwareDevice        = rgb
23:06:29.209   [default] SpriteDetection       = off
23:06:29.209   [default] SpriteFilter          = app
23:06:29.209   [default] SpriteTexCoord        = app
23:06:29.209   [default] SupportedResolutions  = native, 640x480, 800x600, 1024x768
23:06:29.209   [default] TextureFilter         = app
23:06:29.209   [default] ThreadPriorityBoost   = off
23:06:29.209   [default] VSync                 = app
23:06:29.209   [default] WinVersionLie         = off
23:06:29.218 Failed to change process DPI awareness to "permonitor" via SetProcessDpiAwarenessContext
23:06:29.218 DDrawCompat loaded successfully
23:06:29.325 Installing display mode hooks
23:06:29.337 Installing registry hooks
23:06:29.337 Installing Direct3D driver hooks
23:06:29.355 Hooking user mode display driver: C:\WINDOWS\System32\DriverStore\FileRepository\nvltig.inf_amd64_b65eb0793435320a\nvldumd.dll+0x22560
23:06:29.483 Dynamic vertex buffers are available
23:06:29.483 Dynamic index buffers are available
23:06:29.485 Supported z-buffer bit depths: 16, 24
23:06:29.485 Supported MSAA modes: msaa(3), msaa2x(0), msaa4x(0), msaa8x(0)
23:06:29.485 Supported resource formats:
23:06:29.485   {D3DDDIFMT_A8R8G8B8,0x4d8e10f,0x8b,0x8b,0}
23:06:29.485   {D3DDDIFMT_X8R8G8B8,0x458ed0f,0x8b,0x8b,0}
23:06:29.485   {D3DDDIFMT_R5G6B5,0x48ed0f,0x8b,0x8b,0}
23:06:29.485   {D3DDDIFMT_X1R5G5B5,0x48e10f,0x0,0x0,0}
23:06:29.485   {D3DDDIFMT_A1R5G5B5,0xe007,0x0,0x0,0}
23:06:29.485   {D3DDDIFMT_A4R4G4B4,0xe007,0x0,0x0,0}
23:06:29.485   {D3DDDIFMT_A8,0xf,0x0,0x0,0}
23:06:29.485   {D3DDDIFMT_A2B10G10R10,0x48610f,0x8b,0x8b,0}
23:06:29.485   {D3DDDIFMT_G16R16,0x40400f,0x8b,0x8b,0}
23:06:29.485   {D3DDDIFMT_A2R10G10B10,0x486d0f,0x8b,0x8b,0}
23:06:29.485   {D3DDDIFMT_A16B16G16R16,0x40600f,0x8b,0x8b,0}
23:06:29.485   {D3DDDIFMT_A8P8,0x5000,0x0,0x0,16}
23:06:29.485   {D3DDDIFMT_P8,0x4400,0x0,0x0,0}
23:06:29.485   {D3DDDIFMT_L8,0x40800f,0x8b,0x8b,0}
23:06:29.485   {D3DDDIFMT_A8L8,0x8007,0x0,0x0,0}
23:06:29.485   {D3DDDIFMT_V8U8,0x10001,0x0,0x0,0}
23:06:29.485   {D3DDDIFMT_X8L8V8U8,0x10001,0x0,0x0,0}
23:06:29.485   {D3DDDIFMT_Q8W8V8U8,0x5,0x0,0x0,0}
23:06:29.485   {D3DDDIFMT_V16U16,0x7,0x0,0x0,0}
23:06:29.485   {D3DDDIFMT_S8D24,0xc1,0x8b,0x8b,0}
23:06:29.485   {D3DDDIFMT_D24S8,0xc1,0x8b,0x8b,0}
23:06:29.485   {D3DDDIFMT_X8D24,0xc1,0x8b,0x8b,0}
23:06:29.485   {D3DDDIFMT_D24X8,0xc1,0x8b,0x8b,0}
23:06:29.485   {D3DDDIFMT_D16,0xc1,0x8b,0x8b,0}
23:06:29.485   {D3DDDIFMT_L16,0x40000f,0x8b,0x8b,0}
23:06:29.485   {D3DDDIFMT_D32F_LOCKABLE,0xc1,0x0,0x0,0}
23:06:29.485   {D3DDDIFMT_G8R8,0xd,0x0,0x0,0}
23:06:29.485   {D3DDDIFMT_R8,0x40400f,0x0,0x0,0}
23:06:29.485   {D3DDDIFMT_R16F,0xc0400f,0x8b,0x8b,0}
23:06:29.485   {D3DDDIFMT_G16R16F,0xc0400f,0x8b,0x8b,0}
23:06:29.485   {D3DDDIFMT_A16B16G16R16F,0xc8610f,0x8b,0x8b,0}
23:06:29.485   {D3DDDIFMT_R32F,0xc0400f,0x8b,0x8b,0}
23:06:29.485   {D3DDDIFMT_G32R32F,0xc0400f,0x8b,0x8b,0}
23:06:29.485   {D3DDDIFMT_A32B32G32R32F,0xc8600f,0x8b,0x8b,0}
23:06:29.485   {D3DDDIFMT_BINARYBUFFER,0x4000,0x0,0x0,0}
23:06:29.485   {FOURCC(P010),0x4007000,0x0,0x0,16}
23:06:29.485   {FOURCC(3x11),0x40700f,0x8b,0x8b,32}
23:06:29.485   {FOURCC(ATI1),0x1005,0x0,0x0,8}
23:06:29.485   {FOURCC(DXT1),0x8007,0x0,0x0,0}
23:06:29.485   {FOURCC(AV12),0x5000,0x0,0x0,12}
23:06:29.485   {FOURCC(NV12),0x4007000,0x0,0x0,12}
23:06:29.485   {FOURCC(YV12),0x4007000,0x0,0x0,12}
23:06:29.485   {FOURCC(ATI2),0x1005,0x0,0x0,8}
23:06:29.485   {FOURCC(DXT2),0x8007,0x0,0x0,0}
23:06:29.485   {FOURCC(YUY2),0x4007000,0x0,0x0,16}
23:06:29.485   {FOURCC(DXT3),0x8007,0x0,0x0,0}
23:06:29.485   {FOURCC(NV24),0x4007000,0x0,0x0,12}
23:06:29.485   {FOURCC(AI44),0x5000,0x0,0x0,8}
23:06:29.485   {FOURCC(DXT4),0x8007,0x0,0x0,0}
23:06:29.485   {FOURCC(DXT5),0x8007,0x0,0x0,0}
23:06:29.485   {FOURCC(3x16),0x407d0f,0x8b,0x8b,64}
23:06:29.485   {FOURCC(AIP8),0x5000,0x0,0x0,8}
23:06:29.485   {FOURCC(SSAA),0x4000,0x0,0x0,0}
23:06:29.485   {FOURCC(NVDB),0x4000,0x0,0x0,0}
23:06:29.485   {FOURCC(ATOC),0x4000,0x0,0x0,0}
23:06:29.485   {FOURCC(NVMD),0x4000,0x0,0x0,0}
23:06:29.485   {FOURCC(PLFF),0x4000,0x0,0x0,0}
23:06:29.485   {FOURCC(NULL),0x100009,0x8b,0x8b,0}
23:06:29.485   {FOURCC(NVDP),0x4000,0x0,0x0,0}
23:06:29.485   {FOURCC(NVCS),0xd,0x0,0x0,0}
23:06:29.485   {FOURCC(NVHS),0x5,0x0,0x0,0}
23:06:29.485   {FOURCC(NVHU),0x5,0x0,0x0,0}
23:06:29.485   {FOURCC(AYUV),0x5000,0x0,0x0,32}
23:06:29.486   {FOURCC(UYVY),0x4007000,0x0,0x0,16}
23:06:29.486   {FOURCC(INTZ),0x10c1,0x0,0x0,32}
23:06:29.486 Installing DirectDraw hooks
23:06:29.487 Installing Direct3D hooks
23:06:29.490 Installing GDI hooks
23:06:29.497 Finished installing hooks
23:06:29.794 Using Direct3D device type: IID_IDirect3DRGBDevice
23:06:29.850 Using Direct3D device type: IID_IDirect3DHALDevice
23:06:41.108 DDrawCompat detached successfully
